\BOOKMARK [0][-]{chapter.1}{Einleitung}{}% 1
\BOOKMARK [1][-]{section.1.1}{Ziel der Arbeit}{chapter.1}% 2
\BOOKMARK [1][-]{section.1.2}{Aufbau der Arbeit}{chapter.1}% 3
\BOOKMARK [0][-]{chapter.2}{Motivation und Grundlagen}{}% 4
\BOOKMARK [1][-]{section.2.1}{Tablet-PCs und Smartphones am Massenmarkt}{chapter.2}% 5
\BOOKMARK [1][-]{section.2.2}{Multimediale Inhalte}{chapter.2}% 6
\BOOKMARK [1][-]{section.2.3}{Videokonsum auf mobilen Ger\344ten}{chapter.2}% 7
\BOOKMARK [1][-]{section.2.4}{Durchsuchbarkeit von Multimedia Dateien}{chapter.2}% 8
\BOOKMARK [0][-]{chapter.3}{Videobrowsing}{}% 9
\BOOKMARK [1][-]{section.3.1}{Navigationsunterst\374tzung}{chapter.3}% 10
\BOOKMARK [2][-]{subsection.3.1.1}{Klassische Navigation}{section.3.1}% 11
\BOOKMARK [2][-]{subsection.3.1.2}{Automatische Inhaltsanalyse}{section.3.1}% 12
\BOOKMARK [2][-]{subsection.3.1.3}{Alternative Inhaltsvisualisierung und Navigation}{section.3.1}% 13
\BOOKMARK [1][-]{section.3.2}{Videobrowser Evaluierung}{chapter.3}% 14
\BOOKMARK [2][-]{subsection.3.2.1}{Video Browser Showdown}{section.3.2}% 15
\BOOKMARK [2][-]{subsection.3.2.2}{TREC Video Retrieval Evaluation}{section.3.2}% 16
\BOOKMARK [0][-]{chapter.4}{Videonavigation auf Tablets und Smartphones}{}% 17
\BOOKMARK [1][-]{section.4.1}{Interface Design Guidelines}{chapter.4}% 18
\BOOKMARK [1][-]{section.4.2}{Multi-Touch Bildschirme und Gesten}{chapter.4}% 19
\BOOKMARK [1][-]{section.4.3}{Standardvideoplayer}{chapter.4}% 20
\BOOKMARK [1][-]{section.4.4}{Videobrowsing auf mobilen Ger\344ten}{chapter.4}% 21
\BOOKMARK [0][-]{chapter.5}{Wischgestenbasierender Videoplayer}{}% 22
\BOOKMARK [1][-]{section.5.1}{Spezifikation}{chapter.5}% 23
\BOOKMARK [2][-]{subsection.5.1.1}{Anforderungsanalyse}{section.5.1}% 24
\BOOKMARK [2][-]{subsection.5.1.2}{Navigationskonzept}{section.5.1}% 25
\BOOKMARK [2][-]{subsection.5.1.3}{Grafische Benutzeroberfl\344che}{section.5.1}% 26
\BOOKMARK [1][-]{section.5.2}{Grundlagen der iOS Entwicklung}{chapter.5}% 27
\BOOKMARK [2][-]{subsection.5.2.1}{Model-View-Controller Konzept}{section.5.2}% 28
\BOOKMARK [2][-]{subsection.5.2.2}{Protokolle und Delegates}{section.5.2}% 29
\BOOKMARK [2][-]{subsection.5.2.3}{Observerpattern}{section.5.2}% 30
\BOOKMARK [2][-]{subsection.5.2.4}{AVFoundation}{section.5.2}% 31
\BOOKMARK [2][-]{subsection.5.2.5}{Gesturerecognizer und UIResponder}{section.5.2}% 32
\BOOKMARK [1][-]{section.5.3}{Details zur Implementierung und Probleme}{chapter.5}% 33
\BOOKMARK [2][-]{subsection.5.3.1}{Hardware und Software}{section.5.3}% 34
\BOOKMARK [2][-]{subsection.5.3.2}{Probleme}{section.5.3}% 35
\BOOKMARK [2][-]{subsection.5.3.3}{Storyboard und Klassen}{section.5.3}% 36
\BOOKMARK [2][-]{subsection.5.3.4}{Umsetzung des Interaktionskonzepts}{section.5.3}% 37
\BOOKMARK [2][-]{subsection.5.3.5}{Logging}{section.5.3}% 38
\BOOKMARK [0][-]{chapter.6}{Benutzerstudie und Evaluierung}{}% 39
\BOOKMARK [1][-]{section.6.1}{Aufbau der Studie}{chapter.6}% 40
\BOOKMARK [1][-]{section.6.2}{Durchf\374hrung}{chapter.6}% 41
\BOOKMARK [1][-]{section.6.3}{Evaluierung}{chapter.6}% 42
\BOOKMARK [2][-]{subsection.6.3.1}{Zielsuche}{section.6.3}% 43
\BOOKMARK [2][-]{subsection.6.3.2}{Z\344hlaufgaben}{section.6.3}% 44
\BOOKMARK [2][-]{subsection.6.3.3}{Benutzerbewertung im NASA TLX}{section.6.3}% 45
\BOOKMARK [2][-]{subsection.6.3.4}{Bevorzugter Videoplayer}{section.6.3}% 46
\BOOKMARK [0][-]{chapter.7}{Res\374mee und Ausblick}{}% 47
